042001, ARM ,3
042001, BEL ,1
042001, BIH ,2
042001, BLR ,1
042001, BRA ,1
042001, BUL ,2
042001, CHN ,4
042001, CRO ,1
042001, CZE ,2
042001, DEN ,1
042001, ENG ,3
042001, ESP ,1
042001, EST ,1
042001, FRA ,5
042001, GEO ,1
042001, GER ,6
042001, HUN ,3
042001, IND ,2
042001, ISL ,1
042001, ISR ,3
042001, KAZ ,1
042001, MDA ,1
042001, NED ,4
042001, PER ,1
042001, POL ,2
042001, ROM ,2
042001, RUS ,24
042001, SLO ,1
042001, SUI ,2
042001, SVK ,1
042001, SWE ,2
042001, UKR ,5
042001, USA ,5
042001, UZB ,1
