102001, ARM ,3
102001, BEL ,1
102001, BIH ,2
102001, BLR ,1
102001, BRA ,1
102001, BUL ,2
102001, CHN ,4
102001, CZE ,2
102001, DEN ,1
102001, ENG ,4
102001, ESP ,1
102001, EST ,1
102001, FRA ,5
102001, GEO ,1
102001, GER ,5
102001, HUN ,3
102001, IND ,2
102001, ISL ,1
102001, ISR ,4
102001, KAZ ,1
102001, LTU ,1
102001, MDA ,1
102001, MKD ,1
102001, NED ,3
102001, PER ,1
102001, POL ,1
102001, ROM ,2
102001, RUS ,24
102001, SLO ,1
102001, SUI ,2
102001, SVK ,1
102001, SWE ,2
102001, UKR ,4
102001, USA ,6
102001, UZB ,2
