 2731 	 ENG 
 2660 	 ARM 
 2645 	 BLR 
 2630 	 HUN 
 2770 	 IND 
 2601 	 SWE 
 2604 	 ARM 
 2606 	 ISR 
 2674 	 GEO 
 2653 	 FRA 
 2719 	 RUS 
 2668 	 MDA 
 2607 	 BEL 
 2601 	 ENG 
 2630 	 GER 
 2634 	 BUL 
 2676 	 RUS 
 2626 	 EST 
 2601 	 UKR 
 2617 	 RUS 
 2780 	 USA 
 2686 	 BUL 
 2612 	 USA 
 2610 	 GER 
 2605 	 PER 
 2666 	 RUS 
 2608 	 USA 
 2605 	 BEL 
 2605 	 HUN 
 2613 	 DEN 
 2605 	 SWE 
 2600 	 GER 
 2633 	 ISL 
 2610 	 CZE 
 2612 	 GER 
 2603 	 ROM 
 2731 	 UKR 
 2633 	 GER 
 2605 	 USA 
 2717 	 USA 
 2692 	 RUS 
 2706 	 UZB 
 2838 	 RUS 
 2702 	 RUS 
 2656 	 RUS 
 2603 	 RUS 
 2639 	 SUI 
 2809 	 RUS 
 2619 	 RUS 
 2628 	 RUS 
 2653 	 FRA 
 2739 	 HUN 
 2618 	 ARM 
 2604 	 GER 
 2643 	 GER 
 2608 	 RUS 
 2637 	 RUS 
 2610 	 BRA 
 2602 	 SUI 
 2742 	 RUS 
 2641 	 RUS 
 2631 	 CZE 
 2600 	 MKD 
 2620 	 DEN 
 2652 	 BIH 
 2609 	 ROM 
 2660 	 UKR 
 2613 	 RUS 
 2649 	 NED 
 2686 	 HUN 
 2684 	 UKR 
 2601 	 LTU 
 2634 	 RUS 
 2611 	 RUS 
 2631 	 ENG 
 2639 	 RUS 
 2644 	 RUS 
 2644 	 USA 
 2625 	 RUS 
 2706 	 ESP 
 2675 	 ENG 
 2698 	 ISR 
 2602 	 FRA 
 2658 	 BIH 
 2664 	 ISR 
 2686 	 RUS 
 2600 	 NED 
 2632 	 FRA 
 2733 	 BUL 
 2611 	 RUS 
 2650 	 ARM 
 2630 	 ESP 
 2714 	 NED 
 2681 	 CHN 
 2657 	 CHN 
 2640 	 RUS 
 2607 	 CHN 
 2654 	 CHN 
 2668 	 SLO 
 2600 	 ROM 
 2701 	 ISR 
